app/build/intermediates/manifest_merge_blame_file/debug/manifest-merger-blame-debug-report.txt
1<?xml version="1.0" encoding="utf-8"?>
2<manifest xmlns:android="http://schemas.android.com/apk/res/android"
3    package="com.example.myapplication"
4    android:versionCode="1"
5    android:versionName="1.0" >
6
7    <uses-sdk
8        android:minSdkVersion="27"
8-->src\main\AndroidManifest.xml
9        android:targetSdkVersion="29" />
9-->src\main\AndroidManifest.xml
10    <!--
11         The ACCESS_COARSE/FINE_LOCATION permissions are not required to use
12         Google Maps Android API v2, but you must specify either coarse or fine
13         location permissions for the 'MyLocation' functionality.
14    -->
15    <uses-permission android:name="android.permission.ACCESS_FINE_LOCATION" />
15-->src\main\AndroidManifest.xml:9:5-79
15-->src\main\AndroidManifest.xml:9:22-76
16
17    <!-- Include required permissions for Google Maps API to run. -->
18    <uses-permission android:name="android.permission.ACCESS_NETWORK_STATE" />
18-->[com.google.android.gms:play-services-maps:17.0.0] AndroidManifest.xml:23:5-79
18-->[com.google.android.gms:play-services-maps:17.0.0] AndroidManifest.xml:23:22-76
19    <uses-permission android:name="android.permission.INTERNET" />
19-->[com.google.android.gms:play-services-maps:17.0.0] AndroidManifest.xml:24:5-67
19-->[com.google.android.gms:play-services-maps:17.0.0] AndroidManifest.xml:24:22-64
20
21    <uses-feature
21-->[com.google.android.gms:play-services-maps:17.0.0] AndroidManifest.xml:26:5-28:35
22        android:glEsVersion="0x00020000"
22-->[com.google.android.gms:play-services-maps:17.0.0] AndroidManifest.xml:27:9-41
23        android:required="true" />
23-->[com.google.android.gms:play-services-maps:17.0.0] AndroidManifest.xml:28:9-32
24
25    <application
25-->src\main\AndroidManifest.xml:11:5-47:19
26        android:allowBackup="true"
26-->src\main\AndroidManifest.xml:12:9-35
27        android:appComponentFactory="androidx.core.app.CoreComponentFactory"
27-->[androidx.core:core:1.1.0] AndroidManifest.xml:24:18-86
28        android:debuggable="true"
29        android:extractNativeLibs="false"
30        android:icon="@mipmap/ic_launcher"
30-->src\main\AndroidManifest.xml:13:9-43
31        android:label="@string/app_name"
31-->src\main\AndroidManifest.xml:14:9-41
32        android:roundIcon="@mipmap/ic_launcher_round"
32-->src\main\AndroidManifest.xml:15:9-54
33        android:supportsRtl="true"
33-->src\main\AndroidManifest.xml:16:9-35
34        android:testOnly="true"
35        android:theme="@style/AppTheme" >
35-->src\main\AndroidManifest.xml:17:9-40
36        <activity
36-->src\main\AndroidManifest.xml:18:9-20:58
37            android:name="com.example.myapplication.RegisterActivity"
37-->src\main\AndroidManifest.xml:18:19-51
38            android:parentActivityName="com.example.myapplication.LoginActivity"
38-->src\main\AndroidManifest.xml:20:13-56
39            android:windowSoftInputMode="stateVisible|adjustPan" />
39-->src\main\AndroidManifest.xml:19:13-65
40        <activity android:name="com.example.myapplication.HomeActivity" />
40-->src\main\AndroidManifest.xml:21:9-59
40-->src\main\AndroidManifest.xml:21:19-47
41        <activity
41-->src\main\AndroidManifest.xml:22:9-25:58
42            android:name="com.example.myapplication.SettingsActivity"
42-->src\main\AndroidManifest.xml:23:13-45
43            android:label="Settings"
43-->src\main\AndroidManifest.xml:24:13-37
44            android:parentActivityName="com.example.myapplication.HomeActivity" />
44-->src\main\AndroidManifest.xml:25:13-55
45        <activity android:name="com.example.myapplication.LoginActivity" >
45-->src\main\AndroidManifest.xml:26:9-31:20
45-->src\main\AndroidManifest.xml:26:19-48
46            <intent-filter>
46-->src\main\AndroidManifest.xml:27:13-30:29
47                <action android:name="android.intent.action.MAIN" />
47-->src\main\AndroidManifest.xml:28:17-69
47-->src\main\AndroidManifest.xml:28:25-66
48
49                <category android:name="android.intent.category.LAUNCHER" />
49-->src\main\AndroidManifest.xml:29:17-77
49-->src\main\AndroidManifest.xml:29:27-74
50            </intent-filter>
51        </activity>
52        <!--
53             The API key for Google Maps-based APIs is defined as a string resource.
54             (See the file "res/values/google_maps_api.xml").
55             Note that the API key is linked to the encryption key used to sign the APK.
56             You need a different API key for each encryption key, including the release key that is used to
57             sign the APK for publishing.
58             You can define the keys for the debug and release targets in src/debug/ and src/release/.
59        -->
60        <meta-data
60-->src\main\AndroidManifest.xml:40:9-42:55
61            android:name="com.google.android.geo.API_KEY"
61-->src\main\AndroidManifest.xml:41:13-58
62            android:value="@string/google_maps_key" />
62-->src\main\AndroidManifest.xml:42:13-52
63
64        <activity
64-->src\main\AndroidManifest.xml:43:9-46:20
65            android:name="com.example.myapplication.MapsActivity"
65-->src\main\AndroidManifest.xml:44:13-41
66            android:label="@string/title_activity_maps" >
66-->src\main\AndroidManifest.xml:45:13-56
67        </activity>
68        <!-- Needs to be explicitly declared on P+ -->
69        <uses-library
69-->[com.google.android.gms:play-services-maps:17.0.0] AndroidManifest.xml:33:9-35:40
70            android:name="org.apache.http.legacy"
70-->[com.google.android.gms:play-services-maps:17.0.0] AndroidManifest.xml:34:13-50
71            android:required="false" />
71-->[com.google.android.gms:play-services-maps:17.0.0] AndroidManifest.xml:35:13-37
72
73        <activity
73-->[com.google.android.gms:play-services-base:17.0.0] AndroidManifest.xml:23:9-26:75
74            android:name="com.google.android.gms.common.api.GoogleApiActivity"
74-->[com.google.android.gms:play-services-base:17.0.0] AndroidManifest.xml:24:13-79
75            android:exported="false"
75-->[com.google.android.gms:play-services-base:17.0.0] AndroidManifest.xml:25:13-37
76            android:theme="@android:style/Theme.Translucent.NoTitleBar" />
76-->[com.google.android.gms:play-services-base:17.0.0] AndroidManifest.xml:26:13-72
77
78        <meta-data
78-->[com.google.android.gms:play-services-basement:17.0.0] AndroidManifest.xml:23:9-25:69
79            android:name="com.google.android.gms.version"
79-->[com.google.android.gms:play-services-basement:17.0.0] AndroidManifest.xml:24:13-58
80            android:value="@integer/google_play_services_version" />
80-->[com.google.android.gms:play-services-basement:17.0.0] AndroidManifest.xml:25:13-66
81
82        <provider
82-->[androidx.lifecycle:lifecycle-process:2.0.0] AndroidManifest.xml:23:9-27:43
83            android:name="androidx.lifecycle.ProcessLifecycleOwnerInitializer"
83-->[androidx.lifecycle:lifecycle-process:2.0.0] AndroidManifest.xml:24:13-79
84            android:authorities="com.example.myapplication.lifecycle-process"
84-->[androidx.lifecycle:lifecycle-process:2.0.0] AndroidManifest.xml:25:13-69
85            android:exported="false"
85-->[androidx.lifecycle:lifecycle-process:2.0.0] AndroidManifest.xml:26:13-37
86            android:multiprocess="true" />
86-->[androidx.lifecycle:lifecycle-process:2.0.0] AndroidManifest.xml:27:13-40
87    </application>
88
89</manifest>